C:\USERS\Администратор\DOCUMENTS\VISUAL STUDIO 2012\PROJECTS\FOV_CHANGER\FOV_CHANGER\DEBUG\MYFORM.OBJ
C:\USERS\АДМИНИСТРАТОР\DOCUMENTS\VISUAL STUDIO 2012\PROJECTS\FOV_CHANGER\FOV_CHANGER\DEBUG\VC110.PDB
c:\Users\Администратор\Documents\Visual Studio 2012\Projects\fov_changer\fov_changer\Debug\fov_changer.MyForm.resources
C:\USERS\Администратор\DOCUMENTS\VISUAL STUDIO 2012\PROJECTS\FOV_CHANGER\DEBUG\FOV_CHANGER.ILK
C:\USERS\Администратор\DOCUMENTS\VISUAL STUDIO 2012\PROJECTS\FOV_CHANGER\DEBUG\FOV_CHANGER.EXE
C:\USERS\АДМИНИСТРАТОР\DOCUMENTS\VISUAL STUDIO 2012\PROJECTS\FOV_CHANGER\DEBUG\FOV_CHANGER.PDB
C:\USERS\Администратор\DOCUMENTS\VISUAL STUDIO 2012\PROJECTS\FOV_CHANGER\FOV_CHANGER\DEBUG\FOV_CHANGER.RES
c:\Users\Администратор\Documents\Visual Studio 2012\Projects\fov_changer\fov_changer\Debug\fov_changer.vcxproj.GenerateResource.Cache
c:\Users\Администратор\Documents\Visual Studio 2012\Projects\fov_changer\fov_changer\Debug\fov_changer.vcxprojResolveAssemblyReference.cache
c:\Users\Администратор\Documents\Visual Studio 2012\Projects\fov_changer\fov_changer\Debug\MyForm.obj
c:\Users\Администратор\Documents\Visual Studio 2012\Projects\fov_changer\fov_changer\Debug\cl.command.1.tlog
c:\Users\Администратор\Documents\Visual Studio 2012\Projects\fov_changer\fov_changer\Debug\CL.read.1.tlog
c:\Users\Администратор\Documents\Visual Studio 2012\Projects\fov_changer\fov_changer\Debug\CL.write.1.tlog
c:\Users\Администратор\Documents\Visual Studio 2012\Projects\fov_changer\fov_changer\Debug\fov_changer.write.1.tlog
c:\Users\Администратор\Documents\Visual Studio 2012\Projects\fov_changer\fov_changer\Debug\link.3648-cvtres.read.1.tlog
c:\Users\Администратор\Documents\Visual Studio 2012\Projects\fov_changer\fov_changer\Debug\link.3648-cvtres.write.1.tlog
c:\Users\Администратор\Documents\Visual Studio 2012\Projects\fov_changer\fov_changer\Debug\link.3648-rc.read.1.tlog
c:\Users\Администратор\Documents\Visual Studio 2012\Projects\fov_changer\fov_changer\Debug\link.3648-rc.write.1.tlog
c:\Users\Администратор\Documents\Visual Studio 2012\Projects\fov_changer\fov_changer\Debug\link.3648.read.1.tlog
c:\Users\Администратор\Documents\Visual Studio 2012\Projects\fov_changer\fov_changer\Debug\link.3648.write.1.tlog
c:\Users\Администратор\Documents\Visual Studio 2012\Projects\fov_changer\fov_changer\Debug\link.4536-cvtres.read.1.tlog
c:\Users\Администратор\Documents\Visual Studio 2012\Projects\fov_changer\fov_changer\Debug\link.4536-cvtres.write.1.tlog
c:\Users\Администратор\Documents\Visual Studio 2012\Projects\fov_changer\fov_changer\Debug\link.4536-rc.read.1.tlog
c:\Users\Администратор\Documents\Visual Studio 2012\Projects\fov_changer\fov_changer\Debug\link.4536-rc.write.1.tlog
c:\Users\Администратор\Documents\Visual Studio 2012\Projects\fov_changer\fov_changer\Debug\link.4536.read.1.tlog
c:\Users\Администратор\Documents\Visual Studio 2012\Projects\fov_changer\fov_changer\Debug\link.4536.write.1.tlog
c:\Users\Администратор\Documents\Visual Studio 2012\Projects\fov_changer\fov_changer\Debug\link.4928-cvtres.read.1.tlog
c:\Users\Администратор\Documents\Visual Studio 2012\Projects\fov_changer\fov_changer\Debug\link.4928-cvtres.write.1.tlog
c:\Users\Администратор\Documents\Visual Studio 2012\Projects\fov_changer\fov_changer\Debug\link.4928-rc.read.1.tlog
c:\Users\Администратор\Documents\Visual Studio 2012\Projects\fov_changer\fov_changer\Debug\link.4928-rc.write.1.tlog
c:\Users\Администратор\Documents\Visual Studio 2012\Projects\fov_changer\fov_changer\Debug\link.4928.read.1.tlog
c:\Users\Администратор\Documents\Visual Studio 2012\Projects\fov_changer\fov_changer\Debug\link.4928.write.1.tlog
c:\Users\Администратор\Documents\Visual Studio 2012\Projects\fov_changer\fov_changer\Debug\link.command.1.tlog
c:\Users\Администратор\Documents\Visual Studio 2012\Projects\fov_changer\fov_changer\Debug\link.read.1.tlog
c:\Users\Администратор\Documents\Visual Studio 2012\Projects\fov_changer\fov_changer\Debug\link.write.1.tlog
c:\Users\Администратор\Documents\Visual Studio 2012\Projects\fov_changer\fov_changer\Debug\metagen.read.1.tlog
c:\Users\Администратор\Documents\Visual Studio 2012\Projects\fov_changer\fov_changer\Debug\metagen.write.1.tlog
c:\Users\Администратор\Documents\Visual Studio 2012\Projects\fov_changer\fov_changer\Debug\rc.command.1.tlog
c:\Users\Администратор\Documents\Visual Studio 2012\Projects\fov_changer\fov_changer\Debug\rc.read.1.tlog
c:\Users\Администратор\Documents\Visual Studio 2012\Projects\fov_changer\fov_changer\Debug\rc.write.1.tlog
c:\Users\Администратор\Documents\Visual Studio 2012\Projects\fov_changer\fov_changer\Debug\fov_changer.res
c:\Users\Администратор\Documents\Visual Studio 2012\Projects\fov_changer\fov_changer\Debug\vc110.pdb
c:\Users\Администратор\Documents\Visual Studio 2012\Projects\fov_changer\fov_changer\Debug\RSAENH.DLL.bi
c:\Users\Администратор\Documents\Visual Studio 2012\Projects\fov_changer\fov_changer\Debug\TZRES.DLL.bi
c:\Users\Администратор\Documents\Visual Studio 2012\Projects\fov_changer\Debug\fov_changer.pdb
c:\Users\Администратор\Documents\Visual Studio 2012\Projects\fov_changer\Debug\fov_changer.exe
c:\Users\Администратор\Documents\Visual Studio 2012\Projects\fov_changer\Debug\fov_changer.ilk
